=== STDOUT ===
Dossier brut existe : False
Dossier processed existe : True
data/raw/UCI HAR Dataset/activity_labels.txt MANQUANT
data/raw/UCI HAR Dataset/features.txt MANQUANT
data/raw/UCI HAR Dataset/train/X_train.txt MANQUANT
data/raw/UCI HAR Dataset/train/y_train.txt MANQUANT
data/raw/UCI HAR Dataset/train/subject_train.txt MANQUANT
data/raw/UCI HAR Dataset/test/X_test.txt MANQUANT
data/raw/UCI HAR Dataset/test/y_test.txt MANQUANT
data/raw/UCI HAR Dataset/test/subject_test.txt MANQUANT

=== STDERR ===
Traceback (most recent call last):
  File "/home/runner/work/aptispace-datascience-projet/aptispace-datascience-projet/src/01_data_wrangling.py", line 28, in <module>
    activity_labels = pd.read_csv(
                      ^^^^^^^^^^^^
  File "/opt/hostedtoolcache/Python/3.12.13/x64/lib/python3.12/site-packages/pandas/io/parsers/readers.py", line 873, in read_csv
    return _read(filepath_or_buffer, kwds)
           ^^^^^^^^^^^^^^^^^^^^^^^^^^^^^^^
  File "/opt/hostedtoolcache/Python/3.12.13/x64/lib/python3.12/site-packages/pandas/io/parsers/readers.py", line 300, in _read
    parser = TextFileReader(filepath_or_buffer, **kwds)
             ^^^^^^^^^^^^^^^^^^^^^^^^^^^^^^^^^^^^^^^^^^
  File "/opt/hostedtoolcache/Python/3.12.13/x64/lib/python3.12/site-packages/pandas/io/parsers/readers.py", line 1645, in __init__
    self._engine = self._make_engine(f, self.engine)
                   ^^^^^^^^^^^^^^^^^^^^^^^^^^^^^^^^^
  File "/opt/hostedtoolcache/Python/3.12.13/x64/lib/python3.12/site-packages/pandas/io/parsers/readers.py", line 1904, in _make_engine
    self.handles = get_handle(
                   ^^^^^^^^^^^
  File "/opt/hostedtoolcache/Python/3.12.13/x64/lib/python3.12/site-packages/pandas/io/common.py", line 930, in get_handle
    handle = open(
             ^^^^^
FileNotFoundError: [Errno 2] No such file or directory: 'data/raw/UCI HAR Dataset/activity_labels.txt'
